<?xml version="1.0" encoding="utf-8"?><testsuites name="pytest tests"><testsuite name="pytest" errors="0" failures="0" skipped="0" tests="73" time="2.632" timestamp="2026-09-14T07:19:55.307056-03:00" hostname="raniel-Legion-5-Pro"><testcase classname="tests.test_cell_report_coordinator_integration_offline" name="test_real_adapter_target_hits_real_default_deny_before_application_staging_or_write" time="0.010" /><testcase classname="tests.test_cell_report_coordinator_integration_offline" name="test_target_and_boundary_adulterations_reject_before_default_consent_or_effects[adulterated_target]" time="0.005" /><testcase classname="tests.test_cell_report_coordinator_integration_offline" name="test_target_and_boundary_adulterations_reject_before_default_consent_or_effects[other_tenant]" time="0.004" /><testcase classname="tests.test_cell_report_coordinator_integration_offline" name="test_target_and_boundary_adulterations_reject_before_default_consent_or_effects[other_inbound]" time="0.004" /><testcase classname="tests.test_cell_report_coordinator_integration_offline" name="test_target_and_boundary_adulterations_reject_before_default_consent_or_effects[other_actor]" time="0.003" /><testcase classname="tests.test_cell_report_coordinator_integration_offline" name="test_inbound_changed_after_real_target_resolution_is_rejected_before_consent" time="0.004" /><testcase classname="tests.test_cell_report_coordinator_integration_offline" name="test_non_candidate_resolution_never_reaches_coordinator_stage[none]" time="0.003" /><testcase classname="tests.test_cell_report_coordinator_integration_offline" name="test_non_candidate_resolution_never_reaches_coordinator_stage[ambiguous]" time="0.002" /><testcase classname="tests.test_cell_report_coordinator_integration_offline" name="test_non_candidate_resolution_never_reaches_coordinator_stage[overflow]" time="0.003" /><testcase classname="tests.test_cell_report_coordinator_integration_offline" name="test_missing_external_transaction_rejects_before_scope_or_domain_read" time="0.001" /><testcase classname="tests.test_cell_report_coordinator_integration_offline" name="test_rls_loss_after_real_target_resolution_stops_before_inbound_or_consent" time="0.003" /><testcase classname="tests.test_cell_report_meeting_target_adapter" name="test_invalid_current_user_id_or_type_fails_before_scope_or_read[overrides0]" time="0.002" /><testcase classname="tests.test_cell_report_meeting_target_adapter" name="test_invalid_current_user_id_or_type_fails_before_scope_or_read[overrides1]" time="0.001" /><testcase classname="tests.test_cell_report_meeting_target_adapter" name="test_invalid_current_user_id_or_type_fails_before_scope_or_read[overrides2]" time="0.001" /><testcase classname="tests.test_cell_report_meeting_target_adapter" name="test_invalid_current_user_id_or_type_fails_before_scope_or_read[overrides3]" time="0.001" /><testcase classname="tests.test_cell_report_meeting_target_adapter" name="test_invalid_turn_identity_or_cross_tenant_fails_before_scope_or_read" time="0.001" /><testcase classname="tests.test_cell_report_meeting_target_adapter" name="test_initial_rls_failure_stops_before_inbound_resolver_or_mint" time="0.001" /><testcase classname="tests.test_cell_report_meeting_target_adapter" name="test_external_transaction_is_required_before_any_inbound_read" time="0.001" /><testcase classname="tests.test_cell_report_meeting_target_adapter" name="test_absent_duplicate_or_adulterated_inbound_never_reaches_resolver_or_mint[rows0]" time="0.001" /><testcase classname="tests.test_cell_report_meeting_target_adapter" name="test_absent_duplicate_or_adulterated_inbound_never_reaches_resolver_or_mint[rows1]" time="0.001" /><testcase classname="tests.test_cell_report_meeting_target_adapter" name="test_absent_duplicate_or_adulterated_inbound_never_reaches_resolver_or_mint[rows2]" time="0.001" /><testcase classname="tests.test_cell_report_meeting_target_adapter" name="test_absent_duplicate_or_adulterated_inbound_never_reaches_resolver_or_mint[rows3]" time="0.001" /><testcase classname="tests.test_cell_report_meeting_target_adapter" name="test_absent_duplicate_or_adulterated_inbound_never_reaches_resolver_or_mint[rows4]" time="0.001" /><testcase classname="tests.test_cell_report_meeting_target_adapter" name="test_absent_duplicate_or_adulterated_inbound_never_reaches_resolver_or_mint[rows5]" time="0.001" /><testcase classname="tests.test_cell_report_meeting_target_adapter" name="test_absent_duplicate_or_adulterated_inbound_never_reaches_resolver_or_mint[rows6]" time="0.001" /><testcase classname="tests.test_cell_report_meeting_target_adapter" name="test_absent_duplicate_or_adulterated_inbound_never_reaches_resolver_or_mint[rows7]" time="0.001" /><testcase classname="tests.test_cell_report_meeting_target_adapter" name="test_absent_duplicate_or_adulterated_inbound_never_reaches_resolver_or_mint[rows8]" time="0.001" /><testcase classname="tests.test_cell_report_meeting_target_adapter" name="test_absent_duplicate_or_adulterated_inbound_never_reaches_resolver_or_mint[rows9]" time="0.001" /><testcase classname="tests.test_cell_report_meeting_target_adapter" name="test_absent_duplicate_or_adulterated_inbound_never_reaches_resolver_or_mint[rows10]" time="0.002" /><testcase classname="tests.test_cell_report_meeting_target_adapter" name="test_absent_duplicate_or_adulterated_inbound_never_reaches_resolver_or_mint[rows11]" time="0.001" /><testcase classname="tests.test_cell_report_meeting_target_adapter" name="test_actor_mismatch_before_resolution_never_calls_clock_resolver_or_mint" time="0.001" /><testcase classname="tests.test_cell_report_meeting_target_adapter" name="test_none_or_ambiguous_resolution_fails_closed_without_mint[resolution0]" time="0.001" /><testcase classname="tests.test_cell_report_meeting_target_adapter" name="test_none_or_ambiguous_resolution_fails_closed_without_mint[resolution1]" time="0.001" /><testcase classname="tests.test_cell_report_meeting_target_adapter" name="test_resolver_overflow_is_sanitized_and_never_mints" time="0.001" /><testcase classname="tests.test_cell_report_meeting_target_adapter" name="test_equal_meeting_time_is_ineligible_and_clock_is_called_once" time="0.003" /><testcase classname="tests.test_cell_report_meeting_target_adapter" name="test_dirty_session_no_autoflush_suppresses_implicit_flush_and_mints_target" time="0.004" /><testcase classname="tests.test_cell_report_meeting_target_adapter" name="test_no_autoflush_restores_original_state_after_rejected_inbound[True]" time="0.002" /><testcase classname="tests.test_cell_report_meeting_target_adapter" name="test_no_autoflush_restores_original_state_after_rejected_inbound[False]" time="0.001" /><testcase classname="tests.test_cell_report_meeting_target_adapter" name="test_transaction_handle_swap_after_resolution_rejects_before_mint[False]" time="0.001" /><testcase classname="tests.test_cell_report_meeting_target_adapter" name="test_transaction_handle_swap_after_resolution_rejects_before_mint[True]" time="0.001" /><testcase classname="tests.test_cell_report_meeting_target_adapter" name="test_rls_or_actor_change_after_resolution_rejects_before_mint" time="0.001" /><testcase classname="tests.test_cell_report_meeting_target_adapter" name="test_actor_change_after_resolution_rejects_before_mint" time="0.001" /><testcase classname="tests.test_cell_report_meeting_target_adapter" name="test_clock_failure_and_resolver_database_failure_are_sanitized" time="0.002" /><testcase classname="tests.test_cell_report_meeting_resolver" name="test_resolves_one_server_bound_pending_meeting_without_writes" time="0.002" /><testcase classname="tests.test_cell_report_meeting_resolver" name="test_rejects_cross_tenant_inactive_future_cancelled_or_completed[overrides0]" time="0.002" /><testcase classname="tests.test_cell_report_meeting_resolver" name="test_rejects_cross_tenant_inactive_future_cancelled_or_completed[overrides1]" time="0.002" /><testcase classname="tests.test_cell_report_meeting_resolver" name="test_rejects_cross_tenant_inactive_future_cancelled_or_completed[overrides2]" time="0.001" /><testcase classname="tests.test_cell_report_meeting_resolver" name="test_rejects_cross_tenant_inactive_future_cancelled_or_completed[overrides3]" time="0.002" /><testcase classname="tests.test_cell_report_meeting_resolver" name="test_rejects_cross_tenant_inactive_future_cancelled_or_completed[overrides4]" time="0.001" /><testcase classname="tests.test_cell_report_meeting_resolver" name="test_multiple_meetings_are_ambiguous_in_deterministic_order" time="0.001" /><testcase classname="tests.test_cell_report_meeting_resolver" name="test_three_candidates_remain_ambiguous" time="0.001" /><testcase classname="tests.test_cell_report_meeting_resolver" name="test_candidate_overflow_is_rejected_instead_of_truncated" time="0.002" /><testcase classname="tests.test_cell_report_meeting_resolver" name="test_database_failure_does_not_retain_sql_or_parameter_traceback" time="0.002" /><testcase classname="tests.test_cell_report_meeting_resolver" name="test_tenant_scope_guard_rejects_before_domain_queries[missing]" time="0.001" /><testcase classname="tests.test_cell_report_meeting_resolver" name="test_tenant_scope_guard_rejects_before_domain_queries[divergent]" time="0.001" /><testcase classname="tests.test_cell_report_meeting_resolver" name="test_meeting_query_has_explicit_tenant_actor_and_bounded_bindings" time="0.029" /><testcase classname="tests.test_cell_report_meeting_resolver" name="test_resolution_status_is_closed" time="0.001" /><testcase classname="tests.test_cell_report_meeting_resolver" name="test_suggested_id_is_only_accepted_after_full_revalidation" time="0.003" /><testcase classname="tests.test_cell_report_meeting_resolver" name="test_invalid_actor_or_meeting_id_fails_closed" time="0.001" /><testcase classname="tests.test_cell_report_meeting_resolver" name="test_inactive_or_ambiguous_authenticated_access_does_not_choose_an_actor" time="0.001" /><testcase classname="tests.test_source_contact_privacy.SourceContactPrivacyTests" name="test_current_tree_has_no_unreviewed_contacts" time="1.566" /><testcase classname="tests.test_source_contact_privacy.SourceContactPrivacyTests" name="test_no_git_or_base_object_required" time="0.011" /><testcase classname="tests.test_source_contact_privacy.SourceContactPrivacyTests" name="test_personal_looking_contacts_are_detected_without_real_samples" time="0.001" /><testcase classname="tests.test_source_contact_privacy.SourceContactPrivacyTests" name="test_phone_review_changes_and_counts_fail_closed" time="0.001" /><testcase classname="tests.test_source_contact_privacy.SourceContactPrivacyTests" name="test_protected_paths_are_excluded" time="0.001" /><testcase classname="tests.test_source_contact_privacy.SourceContactPrivacyTests" name="test_reserved_and_authorized_placeholders_are_allowed" time="0.001" /><testcase classname="tests.test_source_contact_privacy.SourceContactPrivacyTests" name="test_review_is_exact_scoped_and_cannot_allow_personal_providers" time="0.005" /><testcase classname="tests.test_source_contact_privacy.SourceContactPrivacyTests" name="test_review_manifest_has_only_scoped_fingerprints" time="0.002" /><testcase classname="tests.test_source_contact_privacy.SourceContactPrivacyTests" name="test_sanitized_literals_cannot_regress_to_baseline" time="0.001" /><testcase classname="tests.test_source_contact_privacy.SourceContactPrivacyTests" name="test_technical_dependency_review_is_exact_field_only" time="0.001" /><testcase classname="tests.test_source_contact_privacy.SourceContactPrivacyTests" name="test_technical_formats_and_invalid_area_placeholder_allowed" time="0.001" /><testcase classname="tests.test_source_contact_privacy.SourceContactPrivacyTests" name="test_technical_review_does_not_exempt_executable_or_changed_content" time="0.001" /><testcase classname="tests.test_source_contact_privacy.SourceContactPrivacyTests" name="test_three_reported_surfaces_contain_no_contact_candidates" time="0.002" /></testsuite></testsuites>