<?xml version="1.0" encoding="utf-8"?><testsuites name="pytest tests"><testsuite name="pytest" errors="0" failures="0" skipped="0" tests="17" time="0.501" timestamp="2026-09-13T18:57:15.751727-03:00" hostname="raniel-Legion-5-Pro"><testcase classname="tests.test_cell_report_meeting_resolver" name="test_resolves_one_server_bound_pending_meeting_without_writes" time="0.004" /><testcase classname="tests.test_cell_report_meeting_resolver" name="test_rejects_cross_tenant_inactive_future_cancelled_or_completed[overrides0]" time="0.001" /><testcase classname="tests.test_cell_report_meeting_resolver" name="test_rejects_cross_tenant_inactive_future_cancelled_or_completed[overrides1]" time="0.001" /><testcase classname="tests.test_cell_report_meeting_resolver" name="test_rejects_cross_tenant_inactive_future_cancelled_or_completed[overrides2]" time="0.001" /><testcase classname="tests.test_cell_report_meeting_resolver" name="test_rejects_cross_tenant_inactive_future_cancelled_or_completed[overrides3]" time="0.001" /><testcase classname="tests.test_cell_report_meeting_resolver" name="test_rejects_cross_tenant_inactive_future_cancelled_or_completed[overrides4]" time="0.001" /><testcase classname="tests.test_cell_report_meeting_resolver" name="test_multiple_meetings_are_ambiguous_in_deterministic_order" time="0.001" /><testcase classname="tests.test_cell_report_meeting_resolver" name="test_three_candidates_remain_ambiguous" time="0.001" /><testcase classname="tests.test_cell_report_meeting_resolver" name="test_candidate_overflow_is_rejected_instead_of_truncated" time="0.001" /><testcase classname="tests.test_cell_report_meeting_resolver" name="test_database_failure_does_not_retain_sql_or_parameter_traceback" time="0.002" /><testcase classname="tests.test_cell_report_meeting_resolver" name="test_tenant_scope_guard_rejects_before_domain_queries[missing]" time="0.001" /><testcase classname="tests.test_cell_report_meeting_resolver" name="test_tenant_scope_guard_rejects_before_domain_queries[divergent]" time="0.001" /><testcase classname="tests.test_cell_report_meeting_resolver" name="test_meeting_query_has_explicit_tenant_actor_and_bounded_bindings" time="0.097" /><testcase classname="tests.test_cell_report_meeting_resolver" name="test_resolution_status_is_closed" time="0.001" /><testcase classname="tests.test_cell_report_meeting_resolver" name="test_suggested_id_is_only_accepted_after_full_revalidation" time="0.002" /><testcase classname="tests.test_cell_report_meeting_resolver" name="test_invalid_actor_or_meeting_id_fails_closed" time="0.001" /><testcase classname="tests.test_cell_report_meeting_resolver" name="test_inactive_or_ambiguous_authenticated_access_does_not_choose_an_actor" time="0.001" /></testsuite></testsuites>